<?xml version="1.0" encoding="UTF-8"?>
<testsuite xmlns:xsi="http://www.w3.org/2001/XMLSchema-instance" xsi:noNamespaceSchemaLocation="https://maven.apache.org/surefire/maven-surefire-plugin/xsd/surefire-test-report.xsd" name="praktikum.BurgerPriceParamTest" time="0.756" tests="3" errors="0" skipped="0" failures="0">
  <properties>
[...]
</properties>
  <testcase name="price_isCalculatedCorrectly_forVariousInputs[bun=0, ingredients=[] =&gt; expected=0]" classname="praktikum.BurgerPriceParamTest" time="0.669"/>
  <testcase name="price_isCalculatedCorrectly_forVariousInputs[bun=100, ingredients=[0.0] =&gt; expected=200]" classname="praktikum.BurgerPriceParamTest" time="0.023"/>
  <testcase name="price_isCalculatedCorrectly_forVariousInputs[bun=123,45, ingredients=[1.0, 2.5, 3.0] =&gt; expected=253,4]" classname="praktikum.BurgerPriceParamTest" time="0.002"/>
</testsuite>